<?xml version="1.0" encoding="UTF-8"?>
<testng-results ignored="0" total="3" passed="2" failed="1" skipped="0">
  <reporter-output>
  </reporter-output>
  <suite started-at="2023-07-31T16:24:26 IST" name="Suite" finished-at="2023-07-31T16:24:34 IST" duration-ms="8554">
    <groups>
    </groups>
    <test started-at="2023-07-31T16:24:26 IST" name="ChromeTest" finished-at="2023-07-31T16:24:32 IST" duration-ms="5856">
      <class name="com.atmecs.jenkins.testing.CrossBrowserTest">
        <test-method is-config="true" signature="init(java.lang.String)[pri:0, instance:com.atmecs.jenkins.testing.CrossBrowserTest@60099951]" started-at="2023-07-31T16:24:26 IST" name="init" finished-at="2023-07-31T16:24:29 IST" duration-ms="3297" status="PASS">
          <params>
            <param index="0">
              <value>
                <![CDATA[chrome]]>
              </value>
            </param>
          </params>
          <reporter-output>
          </reporter-output>
        </test-method> <!-- init -->
        <test-method signature="googleSearchTest()[pri:0, instance:com.atmecs.jenkins.testing.CrossBrowserTest@60099951]" started-at="2023-07-31T16:24:29 IST" name="googleSearchTest" finished-at="2023-07-31T16:24:31 IST" duration-ms="2393" status="PASS">
          <reporter-output>
          </reporter-output>
        </test-method> <!-- googleSearchTest -->
        <test-method is-config="true" signature="tearDown()[pri:0, instance:com.atmecs.jenkins.testing.CrossBrowserTest@60099951]" started-at="2023-07-31T16:24:31 IST" name="tearDown" finished-at="2023-07-31T16:24:32 IST" duration-ms="136" status="PASS">
          <reporter-output>
          </reporter-output>
        </test-method> <!-- tearDown -->
      </class> <!-- com.atmecs.jenkins.testing.CrossBrowserTest -->
    </test> <!-- ChromeTest -->
    <test started-at="2023-07-31T16:24:32 IST" name="FirefoxTest" finished-at="2023-07-31T16:24:32 IST" duration-ms="4">
      <class name="com.atmecs.jenkins.testing.CrossBrowserTest">
        <test-method is-config="true" signature="init(java.lang.String)[pri:0, instance:com.atmecs.jenkins.testing.CrossBrowserTest@7ef82753]" started-at="2023-07-31T16:24:32 IST" name="init" finished-at="2023-07-31T16:24:32 IST" duration-ms="0" status="PASS">
          <params>
            <param index="0">
              <value>
                <![CDATA[firefox]]>
              </value>
            </param>
          </params>
          <reporter-output>
          </reporter-output>
        </test-method> <!-- init -->
        <test-method signature="googleSearchTest()[pri:0, instance:com.atmecs.jenkins.testing.CrossBrowserTest@7ef82753]" started-at="2023-07-31T16:24:32 IST" name="googleSearchTest" finished-at="2023-07-31T16:24:32 IST" duration-ms="1" status="FAIL">
          <exception class="java.lang.NullPointerException">
            <message>
              <![CDATA[Cannot invoke "org.openqa.selenium.WebDriver.get(String)" because "this.driver" is null]]>
            </message>
            <full-stacktrace>
              <![CDATA[java.lang.NullPointerException: Cannot invoke "org.openqa.selenium.WebDriver.get(String)" because "this.driver" is null
at com.atmecs.jenkins.testing.CrossBrowserTest.googleSearchTest(CrossBrowserTest.java:45)
at java.base/jdk.internal.reflect.NativeMethodAccessorImpl.invoke0(Native Method)
at java.base/jdk.internal.reflect.NativeMethodAccessorImpl.invoke(NativeMethodAccessorImpl.java:77)
at java.base/jdk.internal.reflect.DelegatingMethodAccessorImpl.invoke(DelegatingMethodAccessorImpl.java:43)
at java.base/java.lang.reflect.Method.invoke(Method.java:568)
at org.testng.internal.MethodInvocationHelper.invokeMethod(MethodInvocationHelper.java:133)
at org.testng.internal.TestInvoker.invokeMethod(TestInvoker.java:598)
at org.testng.internal.TestInvoker.invokeTestMethod(TestInvoker.java:173)
at org.testng.internal.MethodRunner.runInSequence(MethodRunner.java:46)
at org.testng.internal.TestInvoker$MethodInvocationAgent.invoke(TestInvoker.java:824)
at org.testng.internal.TestInvoker.invokeTestMethods(TestInvoker.java:146)
at org.testng.internal.TestMethodWorker.invokeTestMethods(TestMethodWorker.java:146)
at org.testng.internal.TestMethodWorker.run(TestMethodWorker.java:128)
at java.base/java.util.ArrayList.forEach(ArrayList.java:1511)
at org.testng.TestRunner.privateRun(TestRunner.java:794)
at org.testng.TestRunner.run(TestRunner.java:596)
at org.testng.SuiteRunner.runTest(SuiteRunner.java:377)
at org.testng.SuiteRunner.runSequentially(SuiteRunner.java:371)
at org.testng.SuiteRunner.privateRun(SuiteRunner.java:332)
at org.testng.SuiteRunner.run(SuiteRunner.java:276)
at org.testng.SuiteRunnerWorker.runSuite(SuiteRunnerWorker.java:53)
at org.testng.SuiteRunnerWorker.run(SuiteRunnerWorker.java:96)
at org.testng.TestNG.runSuitesSequentially(TestNG.java:1212)
at org.testng.TestNG.runSuitesLocally(TestNG.java:1134)
at org.testng.TestNG.runSuites(TestNG.java:1063)
at org.testng.TestNG.run(TestNG.java:1031)
at org.testng.remote.AbstractRemoteTestNG.run(AbstractRemoteTestNG.java:115)
at org.testng.remote.RemoteTestNG.initAndRun(RemoteTestNG.java:251)
at org.testng.remote.RemoteTestNG.main(RemoteTestNG.java:77)
]]>
            </full-stacktrace>
          </exception> <!-- java.lang.NullPointerException -->
          <reporter-output>
          </reporter-output>
        </test-method> <!-- googleSearchTest -->
        <test-method is-config="true" signature="tearDown()[pri:0, instance:com.atmecs.jenkins.testing.CrossBrowserTest@7ef82753]" started-at="2023-07-31T16:24:32 IST" name="tearDown" finished-at="2023-07-31T16:24:32 IST" duration-ms="0" status="PASS">
          <reporter-output>
          </reporter-output>
        </test-method> <!-- tearDown -->
      </class> <!-- com.atmecs.jenkins.testing.CrossBrowserTest -->
    </test> <!-- FirefoxTest -->
    <test started-at="2023-07-31T16:24:32 IST" name="EdgeTest" finished-at="2023-07-31T16:24:34 IST" duration-ms="2664">
      <class name="com.atmecs.jenkins.testing.CrossBrowserTest">
        <test-method is-config="true" signature="init(java.lang.String)[pri:0, instance:com.atmecs.jenkins.testing.CrossBrowserTest@58cbafc2]" started-at="2023-07-31T16:24:32 IST" name="init" finished-at="2023-07-31T16:24:32 IST" duration-ms="812" status="PASS">
          <params>
            <param index="0">
              <value>
                <![CDATA[edge]]>
              </value>
            </param>
          </params>
          <reporter-output>
          </reporter-output>
        </test-method> <!-- init -->
        <test-method signature="googleSearchTest()[pri:0, instance:com.atmecs.jenkins.testing.CrossBrowserTest@58cbafc2]" started-at="2023-07-31T16:24:32 IST" name="googleSearchTest" finished-at="2023-07-31T16:24:34 IST" duration-ms="1652" status="PASS">
          <reporter-output>
          </reporter-output>
        </test-method> <!-- googleSearchTest -->
        <test-method is-config="true" signature="tearDown()[pri:0, instance:com.atmecs.jenkins.testing.CrossBrowserTest@58cbafc2]" started-at="2023-07-31T16:24:34 IST" name="tearDown" finished-at="2023-07-31T16:24:34 IST" duration-ms="197" status="PASS">
          <reporter-output>
          </reporter-output>
        </test-method> <!-- tearDown -->
      </class> <!-- com.atmecs.jenkins.testing.CrossBrowserTest -->
    </test> <!-- EdgeTest -->
  </suite> <!-- Suite -->
</testng-results>
