<?xml version="1.0" encoding="UTF-8"?>
<!-- Generated by org.testng.reporters.JUnitXMLReporter -->
<testsuite ignored="0" hostname="ATMECSINLT-1223" failures="1" tests="1" name="FirefoxTest" time="0.004" errors="0" timestamp="2023-07-31T16:24:32 IST">
  <testcase classname="com.atmecs.jenkins.testing.CrossBrowserTest" name="googleSearchTest" time="0.001">
    <failure type="java.lang.NullPointerException" message="Cannot invoke &amp;quot;org.openqa.selenium.WebDriver.get(String)&amp;quot; because &amp;quot;this.driver&amp;quot; is null">
      <![CDATA[java.lang.NullPointerException: Cannot invoke "org.openqa.selenium.WebDriver.get(String)" because "this.driver" is null
at com.atmecs.jenkins.testing.CrossBrowserTest.googleSearchTest(CrossBrowserTest.java:45)
at java.base/java.util.ArrayList.forEach(ArrayList.java:1511)
... Removed 27 stack frames]]>
    </failure>
  </testcase> <!-- googleSearchTest -->
</testsuite> <!-- FirefoxTest -->
